<?xml version="1.0" encoding="UTF-8"?>
<!-- Generated by org.testng.reporters.JUnitXMLReporter -->
<testsuite ignored="2" hostname="SwatiP" failures="1" tests="4" name="ChromeTest" time="37.402" errors="0" timestamp="2022-06-22T21:19:19 EDT">
  <testcase classname="TestDSAlgo.TestSignInUser" name="SignInUser_Test" time="2.148"/>
  <testcase classname="TestDSAlgo.TestSignInUser" name="SignInUser_Test" time="1.153">
    <failure type="java.lang.AssertionError" message="expected [You are logged in] but found [Invalid Username and Password]">
      <![CDATA[java.lang.AssertionError: expected [You are logged in] but found [Invalid Username and Password]
at TestDSAlgo.TestSignInUser.SignInUser_Test(TestSignInUser.java:55)
at java.base/java.util.ArrayList.forEach(ArrayList.java:1541)
... Removed 33 stack frames]]>
    </failure>
  </testcase> <!-- SignInUser_Test -->
  <testcase classname="TestDSAlgo.TestDataStructure" name="DSArray_Test1" time="15.559"/>
  <testcase classname="TestDSAlgo.TestDataStructure" name="DSStack_Test2" time="6.993"/>
  <testcase classname="TestDSAlgo.BaseClass2" name="@BeforeTest LaunchURL" time="0.0">
    <ignored/>
  </testcase> <!-- @BeforeTest LaunchURL -->
  <testcase classname="TestDSAlgo.BaseClass2" name="@AfterTest CloseWebpage" time="0.0">
    <ignored/>
  </testcase> <!-- @AfterTest CloseWebpage -->
</testsuite> <!-- ChromeTest -->
