<?xml version="1.0" encoding="UTF-8"?>
<testng-results ignored="4" total="12" passed="6" failed="2" skipped="0">
  <reporter-output>
  </reporter-output>
  <suite started-at="2022-06-22T21:18:42 EDT" name="Suite" finished-at="2022-06-22T21:19:53 EDT" duration-ms="71600">
    <groups>
    </groups>
    <test started-at="2022-06-22T21:18:42 EDT" name="ChromeTest" finished-at="2022-06-22T21:19:19 EDT" duration-ms="37402">
      <class name="TestDSAlgo.TestSignInUser">
        <test-method is-config="true" signature="LaunchURL(java.lang.String)[pri:0, instance:TestDSAlgo.TestSignInUser@5ddcc487]" started-at="2022-06-22T21:18:42 EDT" name="LaunchURL" finished-at="2022-06-22T21:18:51 EDT" duration-ms="8821" status="PASS">
          <params>
            <param index="0">
              <value>
                <![CDATA[chrome]]>
              </value>
            </param>
          </params>
          <reporter-output>
          </reporter-output>
        </test-method> <!-- LaunchURL -->
        <test-method signature="SignInUser_Test(java.lang.String,java.lang.String)[pri:0, instance:TestDSAlgo.TestSignInUser@5ddcc487]" started-at="2022-06-22T21:18:52 EDT" name="SignInUser_Test" data-provider="LoginData" finished-at="2022-06-22T21:18:54 EDT" duration-ms="2148" status="PASS">
          <params>
            <param index="0">
              <value>
                <![CDATA[nick1]]>
              </value>
            </param>
            <param index="1">
              <value>
                <![CDATA[GAtlanta123]]>
              </value>
            </param>
          </params>
          <reporter-output>
          </reporter-output>
        </test-method> <!-- SignInUser_Test -->
        <test-method signature="SignInUser_Test(java.lang.String,java.lang.String)[pri:0, instance:TestDSAlgo.TestSignInUser@5ddcc487]" started-at="2022-06-22T21:18:54 EDT" name="SignInUser_Test" data-provider="LoginData" finished-at="2022-06-22T21:18:56 EDT" duration-ms="1153" status="FAIL">
          <params>
            <param index="0">
              <value>
                <![CDATA[nick]]>
              </value>
            </param>
            <param index="1">
              <value>
                <![CDATA[usernick]]>
              </value>
            </param>
          </params>
          <exception class="java.lang.AssertionError">
            <message>
              <![CDATA[expected [You are logged in] but found [Invalid Username and Password]]]>
            </message>
            <full-stacktrace>
              <![CDATA[java.lang.AssertionError: expected [You are logged in] but found [Invalid Username and Password]
at org.testng.Assert.fail(Assert.java:99)
at org.testng.Assert.failNotEquals(Assert.java:1037)
at org.testng.Assert.assertEqualsImpl(Assert.java:140)
at org.testng.Assert.assertEquals(Assert.java:122)
at org.testng.Assert.assertEquals(Assert.java:629)
at org.testng.Assert.assertEquals(Assert.java:639)
at TestDSAlgo.TestSignInUser.SignInUser_Test(TestSignInUser.java:55)
at java.base/jdk.internal.reflect.NativeMethodAccessorImpl.invoke0(Native Method)
at java.base/jdk.internal.reflect.NativeMethodAccessorImpl.invoke(NativeMethodAccessorImpl.java:62)
at java.base/jdk.internal.reflect.DelegatingMethodAccessorImpl.invoke(DelegatingMethodAccessorImpl.java:43)
at java.base/java.lang.reflect.Method.invoke(Method.java:566)
at org.testng.internal.MethodInvocationHelper.invokeMethod(MethodInvocationHelper.java:133)
at org.testng.internal.TestInvoker.invokeMethod(TestInvoker.java:598)
at org.testng.internal.TestInvoker.invokeTestMethod(TestInvoker.java:173)
at org.testng.internal.MethodRunner.runInSequence(MethodRunner.java:46)
at org.testng.internal.TestInvoker$MethodInvocationAgent.invoke(TestInvoker.java:824)
at org.testng.internal.TestInvoker.invokeTestMethods(TestInvoker.java:146)
at org.testng.internal.TestMethodWorker.invokeTestMethods(TestMethodWorker.java:146)
at org.testng.internal.TestMethodWorker.run(TestMethodWorker.java:128)
at java.base/java.util.ArrayList.forEach(ArrayList.java:1541)
at org.testng.TestRunner.privateRun(TestRunner.java:794)
at org.testng.TestRunner.run(TestRunner.java:596)
at org.testng.SuiteRunner.runTest(SuiteRunner.java:377)
at org.testng.SuiteRunner.runSequentially(SuiteRunner.java:371)
at org.testng.SuiteRunner.privateRun(SuiteRunner.java:332)
at org.testng.SuiteRunner.run(SuiteRunner.java:276)
at org.testng.SuiteRunnerWorker.runSuite(SuiteRunnerWorker.java:53)
at org.testng.SuiteRunnerWorker.run(SuiteRunnerWorker.java:96)
at org.testng.TestNG.runSuitesSequentially(TestNG.java:1212)
at org.testng.TestNG.runSuitesLocally(TestNG.java:1134)
at org.testng.TestNG.runSuites(TestNG.java:1063)
at org.testng.TestNG.run(TestNG.java:1031)
at org.testng.remote.AbstractRemoteTestNG.run(AbstractRemoteTestNG.java:115)
at org.testng.remote.RemoteTestNG.initAndRun(RemoteTestNG.java:251)
at org.testng.remote.RemoteTestNG.main(RemoteTestNG.java:77)
]]>
            </full-stacktrace>
          </exception> <!-- java.lang.AssertionError -->
          <reporter-output>
          </reporter-output>
        </test-method> <!-- SignInUser_Test -->
        <test-method is-config="true" signature="CloseWebpage()[pri:0, instance:TestDSAlgo.TestSignInUser@5ddcc487]" started-at="2022-06-22T21:19:18 EDT" name="CloseWebpage" finished-at="2022-06-22T21:19:19 EDT" duration-ms="735" status="PASS">
          <reporter-output>
          </reporter-output>
        </test-method> <!-- CloseWebpage -->
      </class> <!-- TestDSAlgo.TestSignInUser -->
      <class name="TestDSAlgo.TestDataStructure">
        <test-method signature="DSArray_Test1()[pri:1, instance:TestDSAlgo.TestDataStructure@1583741e]" started-at="2022-06-22T21:18:56 EDT" name="DSArray_Test1" finished-at="2022-06-22T21:19:11 EDT" duration-ms="15559" status="PASS">
          <reporter-output>
          </reporter-output>
        </test-method> <!-- DSArray_Test1 -->
        <test-method signature="DSStack_Test2()[pri:2, instance:TestDSAlgo.TestDataStructure@1583741e]" started-at="2022-06-22T21:19:11 EDT" name="DSStack_Test2" finished-at="2022-06-22T21:19:18 EDT" duration-ms="6993" status="PASS">
          <reporter-output>
          </reporter-output>
        </test-method> <!-- DSStack_Test2 -->
      </class> <!-- TestDSAlgo.TestDataStructure -->
    </test> <!-- ChromeTest -->
    <test started-at="2022-06-22T21:19:19 EDT" name="EdgeTest" finished-at="2022-06-22T21:19:53 EDT" duration-ms="34143">
      <class name="TestDSAlgo.TestSignInUser">
        <test-method is-config="true" signature="LaunchURL(java.lang.String)[pri:0, instance:TestDSAlgo.TestSignInUser@492691d7]" started-at="2022-06-22T21:19:19 EDT" name="LaunchURL" finished-at="2022-06-22T21:19:29 EDT" duration-ms="10359" status="PASS">
          <params>
            <param index="0">
              <value>
                <![CDATA[Edge]]>
              </value>
            </param>
          </params>
          <reporter-output>
          </reporter-output>
        </test-method> <!-- LaunchURL -->
        <test-method signature="SignInUser_Test(java.lang.String,java.lang.String)[pri:0, instance:TestDSAlgo.TestSignInUser@492691d7]" started-at="2022-06-22T21:19:30 EDT" name="SignInUser_Test" data-provider="LoginData" finished-at="2022-06-22T21:19:32 EDT" duration-ms="2549" status="PASS">
          <params>
            <param index="0">
              <value>
                <![CDATA[nick1]]>
              </value>
            </param>
            <param index="1">
              <value>
                <![CDATA[GAtlanta123]]>
              </value>
            </param>
          </params>
          <reporter-output>
          </reporter-output>
        </test-method> <!-- SignInUser_Test -->
        <test-method signature="SignInUser_Test(java.lang.String,java.lang.String)[pri:0, instance:TestDSAlgo.TestSignInUser@492691d7]" started-at="2022-06-22T21:19:32 EDT" name="SignInUser_Test" data-provider="LoginData" finished-at="2022-06-22T21:19:33 EDT" duration-ms="932" status="FAIL">
          <params>
            <param index="0">
              <value>
                <![CDATA[nick]]>
              </value>
            </param>
            <param index="1">
              <value>
                <![CDATA[usernick]]>
              </value>
            </param>
          </params>
          <exception class="java.lang.AssertionError">
            <message>
              <![CDATA[expected [You are logged in] but found [Invalid Username and Password]]]>
            </message>
            <full-stacktrace>
              <![CDATA[java.lang.AssertionError: expected [You are logged in] but found [Invalid Username and Password]
at org.testng.Assert.fail(Assert.java:99)
at org.testng.Assert.failNotEquals(Assert.java:1037)
at org.testng.Assert.assertEqualsImpl(Assert.java:140)
at org.testng.Assert.assertEquals(Assert.java:122)
at org.testng.Assert.assertEquals(Assert.java:629)
at org.testng.Assert.assertEquals(Assert.java:639)
at TestDSAlgo.TestSignInUser.SignInUser_Test(TestSignInUser.java:55)
at java.base/jdk.internal.reflect.NativeMethodAccessorImpl.invoke0(Native Method)
at java.base/jdk.internal.reflect.NativeMethodAccessorImpl.invoke(NativeMethodAccessorImpl.java:62)
at java.base/jdk.internal.reflect.DelegatingMethodAccessorImpl.invoke(DelegatingMethodAccessorImpl.java:43)
at java.base/java.lang.reflect.Method.invoke(Method.java:566)
at org.testng.internal.MethodInvocationHelper.invokeMethod(MethodInvocationHelper.java:133)
at org.testng.internal.TestInvoker.invokeMethod(TestInvoker.java:598)
at org.testng.internal.TestInvoker.invokeTestMethod(TestInvoker.java:173)
at org.testng.internal.MethodRunner.runInSequence(MethodRunner.java:46)
at org.testng.internal.TestInvoker$MethodInvocationAgent.invoke(TestInvoker.java:824)
at org.testng.internal.TestInvoker.invokeTestMethods(TestInvoker.java:146)
at org.testng.internal.TestMethodWorker.invokeTestMethods(TestMethodWorker.java:146)
at org.testng.internal.TestMethodWorker.run(TestMethodWorker.java:128)
at java.base/java.util.ArrayList.forEach(ArrayList.java:1541)
at org.testng.TestRunner.privateRun(TestRunner.java:794)
at org.testng.TestRunner.run(TestRunner.java:596)
at org.testng.SuiteRunner.runTest(SuiteRunner.java:377)
at org.testng.SuiteRunner.runSequentially(SuiteRunner.java:371)
at org.testng.SuiteRunner.privateRun(SuiteRunner.java:332)
at org.testng.SuiteRunner.run(SuiteRunner.java:276)
at org.testng.SuiteRunnerWorker.runSuite(SuiteRunnerWorker.java:53)
at org.testng.SuiteRunnerWorker.run(SuiteRunnerWorker.java:96)
at org.testng.TestNG.runSuitesSequentially(TestNG.java:1212)
at org.testng.TestNG.runSuitesLocally(TestNG.java:1134)
at org.testng.TestNG.runSuites(TestNG.java:1063)
at org.testng.TestNG.run(TestNG.java:1031)
at org.testng.remote.AbstractRemoteTestNG.run(AbstractRemoteTestNG.java:115)
at org.testng.remote.RemoteTestNG.initAndRun(RemoteTestNG.java:251)
at org.testng.remote.RemoteTestNG.main(RemoteTestNG.java:77)
]]>
            </full-stacktrace>
          </exception> <!-- java.lang.AssertionError -->
          <reporter-output>
          </reporter-output>
        </test-method> <!-- SignInUser_Test -->
        <test-method is-config="true" signature="CloseWebpage()[pri:0, instance:TestDSAlgo.TestSignInUser@492691d7]" started-at="2022-06-22T21:19:53 EDT" name="CloseWebpage" finished-at="2022-06-22T21:19:53 EDT" duration-ms="747" status="PASS">
          <reporter-output>
          </reporter-output>
        </test-method> <!-- CloseWebpage -->
      </class> <!-- TestDSAlgo.TestSignInUser -->
      <class name="TestDSAlgo.TestDataStructure">
        <test-method signature="DSArray_Test1()[pri:1, instance:TestDSAlgo.TestDataStructure@27216cd]" started-at="2022-06-22T21:19:33 EDT" name="DSArray_Test1" finished-at="2022-06-22T21:19:45 EDT" duration-ms="12035" status="PASS">
          <reporter-output>
          </reporter-output>
        </test-method> <!-- DSArray_Test1 -->
        <test-method signature="DSStack_Test2()[pri:2, instance:TestDSAlgo.TestDataStructure@27216cd]" started-at="2022-06-22T21:19:45 EDT" name="DSStack_Test2" finished-at="2022-06-22T21:19:53 EDT" duration-ms="7058" status="PASS">
          <reporter-output>
          </reporter-output>
        </test-method> <!-- DSStack_Test2 -->
      </class> <!-- TestDSAlgo.TestDataStructure -->
    </test> <!-- EdgeTest -->
  </suite> <!-- Suite -->
</testng-results>
